<?xml version="1.0" encoding="UTF-8"?>
<!-- Generated by org.testng.reporters.JUnitReportReporter -->
<testsuite hostname="DESKTOP-VUO77K6" name="testscripts.SecondTest" tests="1" failures="0" timestamp="18 Feb 2023 02:52:45 GMT" time="35.345" errors="0">
  <testcase name="secondTest" time="35.345" classname="testscripts.SecondTest"/>
</testsuite> <!-- testscripts.SecondTest -->
