<?xml version="1.0" encoding="UTF-8"?>
<!-- Generated by org.testng.reporters.JUnitReportReporter -->
<testsuite hostname="DESKTOP-VUO77K6" name="testscripts.FourthTest" tests="1" failures="0" timestamp="18 Feb 2023 03:04:42 GMT" time="23.867" errors="0">
  <testcase name="fourthTest" time="23.867" classname="testscripts.FourthTest"/>
</testsuite> <!-- testscripts.FourthTest -->
