<?xml version="1.0" encoding="UTF-8"?>
<!-- Generated by org.testng.reporters.JUnitReportReporter -->
<testsuite hostname="DESKTOP-VUO77K6" name="testscripts.FirstTest" tests="1" failures="0" timestamp="17 Feb 2023 15:06:20 GMT" time="34.001" errors="0">
  <testcase name="firstTest" time="34.001" classname="testscripts.FirstTest"/>
</testsuite> <!-- testscripts.FirstTest -->
