<?xml version="1.0" encoding="UTF-8"?>
<!-- Generated by org.testng.reporters.JUnitReportReporter -->
<testsuite hostname="DESKTOP-VUO77K6" name="testscripts.ThirdTest" tests="1" failures="0" timestamp="18 Feb 2023 03:39:42 GMT" time="29.882" errors="0">
  <testcase name="thirdTest" time="29.882" classname="testscripts.ThirdTest"/>
</testsuite> <!-- testscripts.ThirdTest -->
